2025-10-23T13:57:27.240810 - Session mới được tạo
2025-10-23T13:57:57.896544 - Image Generation (Text): A woman and her daughter sitti... -> image_20251023_135757.png
2025-10-23T14:00:53.008448 - Image Generation (Text): Make this look animated... -> image_20251023_140052.png
2025-10-23T14:01:13.556229 - Image Generation (Edit): Make this look animated... -> image_edited_20251023_140113.png
2025-10-23T14:02:47.939746 - Image Generation (Edit): Modify this image:
- Style: an... -> image_edited_20251023_140247.png
2025-10-23T14:07:20.969150 - Chat: User: Build the promt for me to buil... | AI: Tuyệt vời! Chủ đề này rất ý ng...
2025-10-23T14:08:02.902259 - Image Generation (Text): **Image Prompt: Educational Ku... -> image_20251023_140802.png
2025-10-23T14:09:55.076516 - Image Generation (Edit): **Image Prompt: Educational Ku... -> image_edited_20251023_140955.png
2025-10-23T14:16:04.094722 - Image Generation (Edit): Make the man in the image belo... -> image_edited_20251023_141604.png
2025-10-23T14:18:42.036232 - Image Generation (Edit): Make this man stand up and the... -> image_edited_20251023_141841.png
2025-10-23T14:21:03.009934 - Image Generation (Edit): Make the man stand up on both ... -> image_edited_20251023_142102.png
2025-10-23T14:25:46.465447 - Chat: User: Tương tự, giúp tôi promt để tạ... | AI: Tuyệt vời! Đây cũng là một chủ...
2025-10-23T14:27:48.217581 - Image Generation (Edit): **Bối cảnh:** A minimalist rep... -> image_edited_20251023_142748.png
2025-10-23T14:28:35.755512 - Image Generation (Edit): **Bối cảnh:** A minimalist rep... -> image_edited_20251023_142835.png
2025-10-23T14:29:24.801157 - Image Generation (Edit): **Bối cảnh:** A minimalist rep... -> image_edited_20251023_142924.png
2025-10-23T14:30:30.645796 - Image Generation (Edit): **Bối cảnh:** A minimalist rep... -> image_edited_20251023_143030.png
2025-10-23T14:31:15.545708 - Image Generation (Edit): **Bối cảnh:** A minimalist rep... -> image_edited_20251023_143115.png
2025-10-23T14:31:53.235590 - Image Generation (Edit): **Bối cảnh:** A minimalist rep... -> image_edited_20251023_143153.png
2025-10-23T14:32:13.457076 - Image Generation (Edit): **Bối cảnh:** A minimalist rep... -> image_edited_20251023_143213.png
2025-10-23T14:32:33.870074 - Image Generation (Edit): **Bối cảnh:** A minimalist rep... -> image_edited_20251023_143233.png
2025-10-23T14:33:09.753778 - Image Generation (Edit): **Bối cảnh:** A minimalist rep... -> image_edited_20251023_143309.png
2025-10-23T14:33:53.471455 - Image Generation (Edit): **Bối cảnh:** A minimalist rep... -> image_edited_20251023_143353.png
2025-10-23T14:35:16.169163 - Image Generation (Edit): **Bối cảnh:** A minimalist rep... -> image_edited_20251023_143516.png
2025-10-23T14:38:41.014437 - Image Generation (Edit): **Bối cảnh:** A minimalist rep... -> image_edited_20251023_143840.png
2025-10-23T14:43:58.171930 - Chat: User: Now help me prom the big pictu... | AI: Tuyệt vời! Đây là một ý tưởng ...
2025-10-23T14:45:01.049252 - Image Generation (Edit): **1. Alcohol & Accident (Foreg... -> image_edited_20251023_144500.png
2025-10-23T14:45:34.516674 - Image Generation (Edit): **1. Alcohol & Accident (Foreg... -> image_edited_20251023_144534.png
2025-10-23T14:47:04.952326 - Image Generation (Edit): **1. Alcohol & Accident (Foreg... -> image_edited_20251023_144704.png
2025-10-23T14:47:44.788905 - Image Generation (Edit): **1. Alcohol & Accident (Foreg... -> image_edited_20251023_144744.png
2025-10-23T14:48:30.302279 - Image Generation (Edit): **1. Alcohol & Accident (Foreg... -> image_edited_20251023_144830.png
2025-10-23T14:49:59.042274 - Image Generation (Edit): **1. Alcohol & Accident (Foreg... -> image_edited_20251023_144958.png
2025-10-23T14:50:22.466174 - Image Generation (Edit): **1. Alcohol & Accident (Foreg... -> image_edited_20251023_145022.png
2025-10-23T14:54:49.459324 - Chat: User: tiêu đề và miêu tả về bài nộp ... | AI: Tuyệt vời! Với những hình ảnh ...
